# JRE version: Java(TM) SE Runtime Environment (8.0_101-b13) (build 1.8.0_101-b13)
# Java VM: Java HotSpot(TM) Client VM (25.101-b13 mixed mode windows-x86 )
Heap:
 def new generation   total 208512K, used 201062K [0x03c00000, 0x11e40000, 0x19150000)
  eden space 185344K, 100% used [0x03c00000, 0x0f100000, 0x0f100000)
  from space 23168K,  67% used [0x107a0000, 0x116f9b30, 0x11e40000)
  to   space 23168K,  60% used [0x0f100000, 0x0fe94bd0, 0x107a0000)
 tenured generation   total 463280K, used 463279K [0x19150000, 0x355bc000, 0x43c00000)
   the space 463280K,  99% used [0x19150000, 0x355bbfc0, 0x355bc000, 0x355bc000)
 Metaspace       used 3445K, capacity 3462K, committed 3520K, reserved 4480K
GC Heap History (10 events):
Event: 50.115 GC heap after
Heap after GC invocations=71 (full 8):
 def new generation   total 208512K, used 14767K [0x03c00000, 0x11e40000, 0x19150000)
  eden space 185344K,   0% used [0x03c00000, 0x03c00000, 0x0f100000)
  from space 23168K,  63% used [0x107a0000, 0x1160bdb8, 0x11e40000)
  to   space 23168K,   0% used [0x0f100000, 0x0f100000, 0x107a0000)
 tenured generation   total 463280K, used 348994K [0x19150000, 0x355bc000, 0x43c00000)
   the space 463280K,  75% used [0x19150000, 0x2e6209f8, 0x2e620a00, 0x355bc000)
 Metaspace       used 3445K, capacity 3462K, committed 3520K, reserved 4480K
}
Event: 51.501 GC heap before
{Heap before GC invocations=71 (full 8):
 def new generation   total 208512K, used 200111K [0x03c00000, 0x11e40000, 0x19150000)
  eden space 185344K, 100% used [0x03c00000, 0x0f100000, 0x0f100000)
  from space 23168K,  63% used [0x107a0000, 0x1160bdb8, 0x11e40000)
  to   space 23168K,   0% used [0x0f100000, 0x0f100000, 0x107a0000)
 tenured generation   total 463280K, used 348994K [0x19150000, 0x355bc000, 0x43c00000)
   the space 463280K,  75% used [0x19150000, 0x2e6209f8, 0x2e620a00, 0x355bc000)
 Metaspace       used 3445K, capacity 3462K, committed 3520K, reserved 4480K
Event: 51.640 GC heap after
Heap after GC invocations=72 (full 8):
 def new generation   total 208512K, used 16553K [0x03c00000, 0x11e40000, 0x19150000)
  eden space 185344K,   0% used [0x03c00000, 0x03c00000, 0x0f100000)
  from space 23168K,  71% used [0x0f100000, 0x1012a488, 0x107a0000)
  to   space 23168K,   0% used [0x107a0000, 0x107a0000, 0x11e40000)
 tenured generation   total 463280K, used 363738K [0x19150000, 0x355bc000, 0x43c00000)
   the space 463280K,  78% used [0x19150000, 0x2f486b08, 0x2f486c00, 0x355bc000)
 Metaspace       used 3445K, capacity 3462K, committed 3520K, reserved 4480K
}
Event: 52.992 GC heap before
{Heap before GC invocations=72 (full 8):
 def new generation   total 208512K, used 201897K [0x03c00000, 0x11e40000, 0x19150000)
  eden space 185344K, 100% used [0x03c00000, 0x0f100000, 0x0f100000)
  from space 23168K,  71% used [0x0f100000, 0x1012a488, 0x107a0000)
  to   space 23168K,   0% used [0x107a0000, 0x107a0000, 0x11e40000)
 tenured generation   total 463280K, used 363738K [0x19150000, 0x355bc000, 0x43c00000)
   the space 463280K,  78% used [0x19150000, 0x2f486b08, 0x2f486c00, 0x355bc000)
 Metaspace       used 3445K, capacity 3462K, committed 3520K, reserved 4480K
Event: 53.109 GC heap after
Heap after GC invocations=73 (full 8):
 def new generation   total 208512K, used 16972K [0x03c00000, 0x11e40000, 0x19150000)
  eden space 185344K,   0% used [0x03c00000, 0x03c00000, 0x0f100000)
  from space 23168K,  73% used [0x107a0000, 0x118331a0, 0x11e40000)
  to   space 23168K,   0% used [0x0f100000, 0x0f100000, 0x107a0000)
 tenured generation   total 463280K, used 379993K [0x19150000, 0x355bc000, 0x43c00000)
   the space 463280K,  82% used [0x19150000, 0x304665c0, 0x30466600, 0x355bc000)
 Metaspace       used 3445K, capacity 3462K, committed 3520K, reserved 4480K
}
Event: 54.122 GC heap before
{Heap before GC invocations=73 (full 8):
 def new generation   total 208512K, used 202316K [0x03c00000, 0x11e40000, 0x19150000)
  eden space 185344K, 100% used [0x03c00000, 0x0f100000, 0x0f100000)
  from space 23168K,  73% used [0x107a0000, 0x118331a0, 0x11e40000)
  to   space 23168K,   0% used [0x0f100000, 0x0f100000, 0x107a0000)
 tenured generation   total 463280K, used 379993K [0x19150000, 0x355bc000, 0x43c00000)
   the space 463280K,  82% used [0x19150000, 0x304665c0, 0x30466600, 0x355bc000)
 Metaspace       used 3445K, capacity 3462K, committed 3520K, reserved 4480K
Event: 54.802 GC heap after
Heap after GC invocations=74 (full 8):
 def new generation   total 208512K, used 17907K [0x03c00000, 0x11e40000, 0x19150000)
  eden space 185344K,   0% used [0x03c00000, 0x03c00000, 0x0f100000)
  from space 23168K,  77% used [0x0f100000, 0x1027cd28, 0x107a0000)
  to   space 23168K,   0% used [0x107a0000, 0x107a0000, 0x11e40000)
 tenured generation   total 463280K, used 396426K [0x19150000, 0x355bc000, 0x43c00000)
   the space 463280K,  85% used [0x19150000, 0x31472968, 0x31472a00, 0x355bc000)
 Metaspace       used 3445K, capacity 3462K, committed 3520K, reserved 4480K
}
Event: 56.002 GC heap before
{Heap before GC invocations=74 (full 8):
 def new generation   total 208512K, used 203251K [0x03c00000, 0x11e40000, 0x19150000)
  eden space 185344K, 100% used [0x03c00000, 0x0f100000, 0x0f100000)
  from space 23168K,  77% used [0x0f100000, 0x1027cd28, 0x107a0000)
  to   space 23168K,   0% used [0x107a0000, 0x107a0000, 0x11e40000)
 tenured generation   total 463280K, used 396426K [0x19150000, 0x355bc000, 0x43c00000)
   the space 463280K,  85% used [0x19150000, 0x31472968, 0x31472a00, 0x355bc000)
 Metaspace       used 3445K, capacity 3462K, committed 3520K, reserved 4480K
Event: 56.677 GC heap after
Heap after GC invocations=75 (full 8):
 def new generation   total 208512K, used 20814K [0x03c00000, 0x11e40000, 0x19150000)
  eden space 185344K,   0% used [0x03c00000, 0x03c00000, 0x0f100000)
  from space 23168K,  89% used [0x107a0000, 0x11bf3ae8, 0x11e40000)
  to   space 23168K,   0% used [0x0f100000, 0x0f100000, 0x107a0000)
 tenured generation   total 463280K, used 413730K [0x19150000, 0x355bc000, 0x43c00000)
   the space 463280K,  89% used [0x19150000, 0x32558b58, 0x32558c00, 0x355bc000)
 Metaspace       used 3445K, capacity 3462K, committed 3520K, reserved 4480K
}
Event: 58.508 GC heap before
{Heap before GC invocations=75 (full 8):
 def new generation   total 208512K, used 206158K [0x03c00000, 0x11e40000, 0x19150000)
  eden space 185344K, 100% used [0x03c00000, 0x0f100000, 0x0f100000)
  from space 23168K,  89% used [0x107a0000, 0x11bf3ae8, 0x11e40000)
  to   space 23168K,   0% used [0x0f100000, 0x0f100000, 0x107a0000)
 tenured generation   total 463280K, used 413730K [0x19150000, 0x355bc000, 0x43c00000)
   the space 463280K,  89% used [0x19150000, 0x32558b58, 0x32558c00, 0x355bc000)
 Metaspace       used 3445K, capacity 3462K, committed 3520K, reserved 4480K

